<?xml version="1.0" encoding="UTF-8"?>
<!-- Generated by org.testng.reporters.JUnitReportReporter -->
<testsuite hostname="DESKTOP-K60NGG1" failures="0" tests="3" name="com.tests.LoginTest" time="12.296" errors="0" timestamp="2023-06-28T16:08:27 IST" skipped="2">
  <testcase classname="com.tests.LoginTest" name="invalidUserTest" time="12.296"/>
  <system-out/>
  <testcase classname="com.tests.LoginTest" name="loginUtility">
    <skipped/>
  </testcase> <!-- loginUtility -->
  <system-out/>
  <testcase classname="com.tests.LoginTest" name="userLoginTest">
    <skipped/>
  </testcase> <!-- userLoginTest -->
  <system-out/>
</testsuite> <!-- com.tests.LoginTest -->
